SF:C:\Users\aubre\Desktop\assignment-05-aubsparrow\BlabberApp.Domain\Blab.cs
FN:6,System.Guid BlabberApp.Domain.Blab::get_Id()
FNDA:0,System.Guid BlabberApp.Domain.Blab::get_Id()
DA:7,0
FN:7,System.DateTime BlabberApp.Domain.Blab::get_DateTime()
FNDA:0,System.DateTime BlabberApp.Domain.Blab::get_DateTime()
DA:8,0
FN:8,System.String BlabberApp.Domain.Blab::get_Message()
FNDA:3,System.String BlabberApp.Domain.Blab::get_Message()
DA:9,3
FN:9,BlabberApp.Domain.User BlabberApp.Domain.Blab::get_user()
FNDA:3,BlabberApp.Domain.User BlabberApp.Domain.Blab::get_user()
DA:10,3
FN:12,System.Void BlabberApp.Domain.Blab::.ctor()
FNDA:0,System.Void BlabberApp.Domain.Blab::.ctor()
DA:13,0
DA:14,0
DA:15,0
DA:16,0
DA:17,0
DA:18,0
DA:19,0
FN:20,System.Void BlabberApp.Domain.Blab::.ctor(System.String)
FNDA:1,System.Void BlabberApp.Domain.Blab::.ctor(System.String)
DA:21,1
DA:22,1
DA:23,1
DA:24,1
DA:25,1
DA:26,1
DA:27,1
FN:29,System.Void BlabberApp.Domain.Blab::.ctor(System.String,BlabberApp.Domain.User)
FNDA:1,System.Void BlabberApp.Domain.Blab::.ctor(System.String,BlabberApp.Domain.User)
DA:30,1
DA:31,1
DA:32,1
DA:33,1
DA:34,1
DA:35,1
DA:36,1
LF:25
LH:16
BRF:0
BRH:0
FNF:7
FNH:4
end_of_record
SF:C:\Users\aubre\Desktop\assignment-05-aubsparrow\BlabberApp.Domain\User.cs
FN:8,System.Guid BlabberApp.Domain.User::get_Id()
FNDA:8,System.Guid BlabberApp.Domain.User::get_Id()
DA:9,8
FN:9,System.DateTime BlabberApp.Domain.User::get_RegisterDTTM()
FNDA:0,System.DateTime BlabberApp.Domain.User::get_RegisterDTTM()
DA:10,0
FN:10,System.DateTime BlabberApp.Domain.User::get_LastLoginDTTM()
FNDA:0,System.DateTime BlabberApp.Domain.User::get_LastLoginDTTM()
DA:11,0
FN:11,System.String BlabberApp.Domain.User::get_Email()
FNDA:6,System.String BlabberApp.Domain.User::get_Email()
DA:12,6
FN:28,System.Void BlabberApp.Domain.User::ChangeEmail(System.String)
FNDA:6,System.Void BlabberApp.Domain.User::ChangeEmail(System.String)
DA:29,6
DA:30,6
DA:31,0
DA:33,6
DA:34,6
DA:35,4
DA:36,2
DA:37,2
DA:38,2
DA:40,4
DA:41,4
BRDA:30,7,0,6
BRDA:30,7,1,0
BRDA:30,24,0,0
BRDA:30,24,1,6
FN:13,System.Void BlabberApp.Domain.User::.ctor()
FNDA:3,System.Void BlabberApp.Domain.User::.ctor()
DA:14,3
DA:15,3
DA:16,3
DA:17,3
FN:17,System.Void BlabberApp.Domain.User::.ctor(System.String)
FNDA:3,System.Void BlabberApp.Domain.User::.ctor(System.String)
DA:18,3
DA:19,3
DA:20,3
DA:21,3
DA:22,3
DA:23,3
DA:26,3
LF:26
LH:23
BRF:4
BRH:2
FNF:7
FNH:5
end_of_record