SF:C:\Users\aubre\Desktop\assignment-05-aubsparrow\BlabberApp.DataStore\BlabAdapter.cs
FN:18,System.Void BlabberApp.DataStore.BlabAdapter::Add(BlabberApp.Domain.Blab)
FNDA:4,System.Void BlabberApp.DataStore.BlabAdapter::Add(BlabberApp.Domain.Blab)
DA:19,4
DA:20,4
DA:21,4
FN:23,System.Collections.IEnumerable BlabberApp.DataStore.BlabAdapter::GetAll()
FNDA:1,System.Collections.IEnumerable BlabberApp.DataStore.BlabAdapter::GetAll()
DA:24,1
DA:25,1
DA:26,1
FN:28,BlabberApp.Domain.Blab BlabberApp.DataStore.BlabAdapter::GetById(BlabberApp.Domain.Blab)
FNDA:1,BlabberApp.Domain.Blab BlabberApp.DataStore.BlabAdapter::GetById(BlabberApp.Domain.Blab)
DA:29,1
DA:30,1
DA:31,1
FN:32,System.Void BlabberApp.DataStore.BlabAdapter::Delete(BlabberApp.Domain.Blab)
FNDA:3,System.Void BlabberApp.DataStore.BlabAdapter::Delete(BlabberApp.Domain.Blab)
DA:33,3
DA:34,3
DA:35,3
FN:37,System.Collections.IEnumerable BlabberApp.DataStore.BlabAdapter::GetByEmail(System.String)
FNDA:2,System.Collections.IEnumerable BlabberApp.DataStore.BlabAdapter::GetByEmail(System.String)
DA:38,2
DA:39,2
DA:40,2
FN:11,System.Void BlabberApp.DataStore.BlabAdapter::.ctor(BlabberApp.DataStore.IBlabPlugin,BlabberApp.DataStore.IUserPlugin)
FNDA:9,System.Void BlabberApp.DataStore.BlabAdapter::.ctor(BlabberApp.DataStore.IBlabPlugin,BlabberApp.DataStore.IUserPlugin)
DA:12,9
DA:13,9
DA:14,9
DA:15,9
DA:16,9
LF:20
LH:20
BRF:0
BRH:0
FNF:6
FNH:6
end_of_record
SF:C:\Users\aubre\Desktop\assignment-05-aubsparrow\BlabberApp.DataStore\InMemory.cs
FN:18,System.Void BlabberApp.DataStore.InMemory::Create(BlabberApp.Domain.IDatum)
FNDA:6,System.Void BlabberApp.DataStore.InMemory::Create(BlabberApp.Domain.IDatum)
DA:19,6
DA:20,6
DA:21,6
FN:23,System.Collections.IEnumerable BlabberApp.DataStore.InMemory::ReadAll()
FNDA:2,System.Collections.IEnumerable BlabberApp.DataStore.InMemory::ReadAll()
DA:24,2
DA:25,2
DA:26,2
FN:28,BlabberApp.Domain.IDatum BlabberApp.DataStore.InMemory::ReadById(System.Guid)
FNDA:0,BlabberApp.Domain.IDatum BlabberApp.DataStore.InMemory::ReadById(System.Guid)
DA:29,0
DA:30,0
DA:31,0
DA:32,0
DA:33,0
DA:34,0
DA:36,0
DA:37,0
DA:38,0
BRDA:30,58,1,0
BRDA:32,44,0,0
BRDA:32,44,1,0
BRDA:30,58,0,0
FN:40,BlabberApp.Domain.IDatum BlabberApp.DataStore.InMemory::GetById(System.Guid)
FNDA:2,BlabberApp.Domain.IDatum BlabberApp.DataStore.InMemory::GetById(System.Guid)
DA:41,2
DA:42,8
DA:43,2
DA:44,2
DA:45,2
DA:46,2
DA:48,0
DA:49,0
DA:50,2
BRDA:42,58,1,2
BRDA:44,44,0,2
BRDA:44,44,1,0
BRDA:42,58,0,0
FN:52,BlabberApp.Domain.User BlabberApp.DataStore.InMemory::GetUserByEmail(System.String)
FNDA:1,BlabberApp.Domain.User BlabberApp.DataStore.InMemory::GetUserByEmail(System.String)
DA:53,1
DA:54,4
DA:55,1
DA:56,1
DA:57,1
DA:58,1
DA:60,0
DA:61,0
DA:62,1
BRDA:54,57,1,1
BRDA:56,43,0,1
BRDA:56,43,1,0
BRDA:54,57,0,0
FN:64,System.Collections.IEnumerable BlabberApp.DataStore.InMemory::GetBlabsByEmail(System.String)
FNDA:1,System.Collections.IEnumerable BlabberApp.DataStore.InMemory::GetBlabsByEmail(System.String)
DA:65,1
DA:66,1
DA:67,5
DA:68,1
DA:69,1
DA:70,1
DA:71,1
DA:72,1
DA:73,1
DA:74,1
DA:75,1
BRDA:67,73,1,1
BRDA:69,54,0,1
BRDA:69,54,1,1
BRDA:67,73,0,1
FN:77,System.Void BlabberApp.DataStore.InMemory::Delete(BlabberApp.Domain.IDatum)
FNDA:7,System.Void BlabberApp.DataStore.InMemory::Delete(BlabberApp.Domain.IDatum)
DA:78,7
DA:79,7
DA:80,7
FN:12,System.Void BlabberApp.DataStore.InMemory::.ctor()
FNDA:18,System.Void BlabberApp.DataStore.InMemory::.ctor()
DA:13,18
DA:14,18
DA:15,18
DA:16,18
LF:51
LH:38
BRF:16
BRH:8
FNF:8
FNH:7
end_of_record
SF:C:\Users\aubre\Desktop\assignment-05-aubsparrow\BlabberApp.DataStore\SqlBlab.cs
FN:27,System.Void BlabberApp.DataStore.SqlBlab::Create(BlabberApp.Domain.IDatum)
FNDA:3,System.Void BlabberApp.DataStore.SqlBlab::Create(BlabberApp.Domain.IDatum)
DA:28,3
DA:29,3
DA:31,3
DA:32,3
DA:33,3
DA:34,3
DA:35,3
DA:36,3
DA:37,3
DA:38,3
DA:39,3
DA:40,3
DA:41,0
DA:42,0
DA:43,0
DA:44,0
DA:46,3
FN:48,BlabberApp.Domain.IDatum BlabberApp.DataStore.SqlBlab::GetById(System.Guid)
FNDA:1,BlabberApp.Domain.IDatum BlabberApp.DataStore.SqlBlab::GetById(System.Guid)
DA:49,1
DA:51,1
DA:52,1
DA:53,1
DA:54,1
DA:55,1
DA:57,1
DA:58,1
DA:60,0
DA:61,0
DA:62,0
DA:63,0
DA:65,1
FN:67,System.Collections.IEnumerable BlabberApp.DataStore.SqlBlab::ReadAll()
FNDA:1,System.Collections.IEnumerable BlabberApp.DataStore.SqlBlab::ReadAll()
DA:68,1
DA:69,1
DA:70,1
DA:71,1
DA:72,1
DA:74,1
DA:76,1
DA:78,9
DA:79,3
DA:80,3
DA:81,3
DA:82,1
DA:83,1
BRDA:78,114,1,3
BRDA:78,114,0,1
FN:85,System.Collections.IEnumerable BlabberApp.DataStore.SqlBlab::GetBlabsByEmail(System.String)
FNDA:1,System.Collections.IEnumerable BlabberApp.DataStore.SqlBlab::GetBlabsByEmail(System.String)
DA:86,1
DA:87,1
DA:88,1
DA:89,1
DA:90,1
DA:92,1
DA:94,1
DA:96,5
DA:97,1
DA:98,1
DA:99,1
DA:100,1
DA:101,1
BRDA:96,130,1,1
BRDA:96,130,0,1
FN:103,System.Void BlabberApp.DataStore.SqlBlab::Update(BlabberApp.Domain.IDatum)
FNDA:0,System.Void BlabberApp.DataStore.SqlBlab::Update(BlabberApp.Domain.IDatum)
DA:104,0
DA:105,0
DA:106,0
FN:108,System.Void BlabberApp.DataStore.SqlBlab::Delete(BlabberApp.Domain.IDatum)
FNDA:3,System.Void BlabberApp.DataStore.SqlBlab::Delete(BlabberApp.Domain.IDatum)
DA:109,3
DA:111,3
DA:112,3
DA:113,3
DA:114,3
DA:115,3
DA:116,0
DA:117,0
DA:118,0
DA:119,0
DA:121,3
FN:123,BlabberApp.Domain.Blab BlabberApp.DataStore.SqlBlab::convertRowToBlab(System.Data.DataRow)
FNDA:5,BlabberApp.Domain.Blab BlabberApp.DataStore.SqlBlab::convertRowToBlab(System.Data.DataRow)
DA:124,5
DA:125,5
DA:126,5
DA:127,5
DA:128,5
DA:130,5
DA:131,5
FN:12,System.Void BlabberApp.DataStore.SqlBlab::.ctor()
FNDA:3,System.Void BlabberApp.DataStore.SqlBlab::.ctor()
DA:13,3
DA:14,3
DA:15,3
DA:17,3
DA:18,3
DA:19,3
DA:20,0
DA:21,0
DA:22,0
DA:23,0
DA:25,3
LF:88
LH:69
BRF:4
BRH:4
FNF:8
FNH:7
end_of_record
SF:C:\Users\aubre\Desktop\assignment-05-aubsparrow\BlabberApp.DataStore\SqlUser.cs
FN:26,System.Void BlabberApp.DataStore.SqlUser::Create(BlabberApp.Domain.IDatum)
FNDA:4,System.Void BlabberApp.DataStore.SqlUser::Create(BlabberApp.Domain.IDatum)
DA:27,4
DA:28,4
DA:30,4
DA:31,4
DA:32,4
DA:33,4
DA:34,4
DA:35,4
DA:36,4
DA:37,4
DA:38,4
DA:39,4
DA:40,0
DA:41,0
DA:42,0
DA:44,4
FN:46,System.Collections.IEnumerable BlabberApp.DataStore.SqlUser::ReadAll()
FNDA:2,System.Collections.IEnumerable BlabberApp.DataStore.SqlUser::ReadAll()
DA:47,2
DA:49,2
DA:50,2
DA:51,2
DA:52,2
DA:53,2
DA:55,2
DA:57,2
DA:59,24
DA:60,9
DA:61,9
DA:62,9
DA:64,2
DA:66,0
DA:67,0
DA:68,0
DA:70,2
BRDA:59,115,1,9
BRDA:59,115,0,2
FN:72,BlabberApp.Domain.IDatum BlabberApp.DataStore.SqlUser::GetById(System.Guid)
FNDA:1,BlabberApp.Domain.IDatum BlabberApp.DataStore.SqlUser::GetById(System.Guid)
DA:73,1
DA:75,1
DA:76,1
DA:77,1
DA:78,1
DA:79,1
DA:81,1
DA:82,1
DA:84,1
DA:86,0
DA:87,0
DA:88,0
DA:90,1
FN:92,System.Void BlabberApp.DataStore.SqlUser::Delete(BlabberApp.Domain.IDatum)
FNDA:5,System.Void BlabberApp.DataStore.SqlUser::Delete(BlabberApp.Domain.IDatum)
DA:93,5
DA:95,5
DA:96,5
DA:97,5
DA:98,5
DA:99,5
DA:100,5
DA:101,5
DA:102,0
DA:103,0
DA:104,0
DA:105,0
DA:107,5
FN:109,BlabberApp.Domain.User BlabberApp.DataStore.SqlUser::GetUserByEmail(System.String)
FNDA:1,BlabberApp.Domain.User BlabberApp.DataStore.SqlUser::GetUserByEmail(System.String)
DA:110,1
DA:112,1
DA:113,1
DA:114,1
DA:115,1
DA:116,1
DA:118,1
DA:119,1
DA:121,1
DA:123,0
DA:124,0
DA:125,0
DA:126,0
DA:129,1
FN:131,BlabberApp.Domain.User BlabberApp.DataStore.SqlUser::convertRowToUesr(System.Data.DataRow)
FNDA:11,BlabberApp.Domain.User BlabberApp.DataStore.SqlUser::convertRowToUesr(System.Data.DataRow)
DA:132,11
DA:133,11
DA:134,11
DA:135,11
DA:136,11
DA:137,11
DA:139,11
DA:140,11
FN:11,System.Void BlabberApp.DataStore.SqlUser::.ctor()
FNDA:7,System.Void BlabberApp.DataStore.SqlUser::.ctor()
DA:12,7
DA:13,7
DA:15,7
DA:17,7
DA:18,7
DA:19,7
DA:20,0
DA:21,0
DA:22,0
DA:23,0
DA:25,7
LF:92
LH:71
BRF:2
BRH:2
FNF:7
FNH:7
end_of_record
SF:C:\Users\aubre\Desktop\assignment-05-aubsparrow\BlabberApp.DataStore\UserAdapter.cs
FN:16,System.Void BlabberApp.DataStore.UserAdapter::Add(BlabberApp.Domain.User)
FNDA:9,System.Void BlabberApp.DataStore.UserAdapter::Add(BlabberApp.Domain.User)
DA:17,9
DA:18,9
DA:19,9
FN:21,System.Collections.IEnumerable BlabberApp.DataStore.UserAdapter::GetAll()
FNDA:4,System.Collections.IEnumerable BlabberApp.DataStore.UserAdapter::GetAll()
DA:22,4
DA:23,4
DA:24,4
FN:26,BlabberApp.Domain.User BlabberApp.DataStore.UserAdapter::GetById(System.Guid)
FNDA:3,BlabberApp.Domain.User BlabberApp.DataStore.UserAdapter::GetById(System.Guid)
DA:27,3
DA:28,3
DA:29,3
FN:31,System.Void BlabberApp.DataStore.UserAdapter::Delete(BlabberApp.Domain.User)
FNDA:12,System.Void BlabberApp.DataStore.UserAdapter::Delete(BlabberApp.Domain.User)
DA:32,12
DA:33,12
DA:34,12
FN:36,BlabberApp.Domain.User BlabberApp.DataStore.UserAdapter::GetUserByEmail(System.String)
FNDA:2,BlabberApp.Domain.User BlabberApp.DataStore.UserAdapter::GetUserByEmail(System.String)
DA:37,2
DA:38,2
DA:39,2
FN:10,System.Void BlabberApp.DataStore.UserAdapter::.ctor(BlabberApp.DataStore.IUserPlugin)
FNDA:10,System.Void BlabberApp.DataStore.UserAdapter::.ctor(BlabberApp.DataStore.IUserPlugin)
DA:11,10
DA:12,10
DA:13,10
DA:14,10
LF:19
LH:19
BRF:0
BRH:0
FNF:6
FNH:6
end_of_record
SF:C:\Users\aubre\Desktop\assignment-05-aubsparrow\BlabberApp.Domain\Blab.cs
FN:6,System.Guid BlabberApp.Domain.Blab::get_Id()
FNDA:28,System.Guid BlabberApp.Domain.Blab::get_Id()
DA:7,28
FN:7,System.DateTime BlabberApp.Domain.Blab::get_DateTime()
FNDA:0,System.DateTime BlabberApp.Domain.Blab::get_DateTime()
DA:8,0
FN:8,System.String BlabberApp.Domain.Blab::get_Message()
FNDA:22,System.String BlabberApp.Domain.Blab::get_Message()
DA:9,22
FN:9,BlabberApp.Domain.User BlabberApp.Domain.Blab::get_user()
FNDA:18,BlabberApp.Domain.User BlabberApp.Domain.Blab::get_user()
DA:10,18
FN:12,System.Void BlabberApp.Domain.Blab::.ctor()
FNDA:5,System.Void BlabberApp.Domain.Blab::.ctor()
DA:13,5
DA:14,5
DA:15,5
DA:16,5
DA:17,5
DA:18,5
DA:19,5
FN:20,System.Void BlabberApp.Domain.Blab::.ctor(System.String)
FNDA:0,System.Void BlabberApp.Domain.Blab::.ctor(System.String)
DA:21,0
DA:22,0
DA:23,0
DA:24,0
DA:25,0
DA:26,0
DA:27,0
FN:29,System.Void BlabberApp.Domain.Blab::.ctor(System.String,BlabberApp.Domain.User)
FNDA:9,System.Void BlabberApp.Domain.Blab::.ctor(System.String,BlabberApp.Domain.User)
DA:30,9
DA:31,9
DA:32,9
DA:33,9
DA:34,9
DA:35,9
DA:36,9
LF:25
LH:17
BRF:0
BRH:0
FNF:7
FNH:5
end_of_record
SF:C:\Users\aubre\Desktop\assignment-05-aubsparrow\BlabberApp.Domain\User.cs
FN:8,System.Guid BlabberApp.Domain.User::get_Id()
FNDA:65,System.Guid BlabberApp.Domain.User::get_Id()
DA:9,65
FN:9,System.DateTime BlabberApp.Domain.User::get_RegisterDTTM()
FNDA:0,System.DateTime BlabberApp.Domain.User::get_RegisterDTTM()
DA:10,0
FN:10,System.DateTime BlabberApp.Domain.User::get_LastLoginDTTM()
FNDA:0,System.DateTime BlabberApp.Domain.User::get_LastLoginDTTM()
DA:11,0
FN:11,System.String BlabberApp.Domain.User::get_Email()
FNDA:35,System.String BlabberApp.Domain.User::get_Email()
DA:12,35
FN:28,System.Void BlabberApp.Domain.User::ChangeEmail(System.String)
FNDA:24,System.Void BlabberApp.Domain.User::ChangeEmail(System.String)
DA:29,24
DA:30,24
DA:31,0
DA:33,24
DA:34,24
DA:35,24
DA:36,0
DA:37,0
DA:38,0
DA:40,24
DA:41,24
BRDA:30,7,0,24
BRDA:30,7,1,0
BRDA:30,24,0,0
BRDA:30,24,1,24
FN:13,System.Void BlabberApp.Domain.User::.ctor()
FNDA:16,System.Void BlabberApp.Domain.User::.ctor()
DA:14,16
DA:15,16
DA:16,16
DA:17,16
FN:17,System.Void BlabberApp.Domain.User::.ctor(System.String)
FNDA:13,System.Void BlabberApp.Domain.User::.ctor(System.String)
DA:18,13
DA:19,13
DA:20,13
DA:21,13
DA:22,13
DA:23,13
DA:26,13
LF:26
LH:20
BRF:4
BRH:2
FNF:7
FNH:5
end_of_record