SF:C:\Users\aubre\Desktop\assignment-05-aubsparrow\BlabberApp.DataStore\BlabAdapter.cs
FN:18,System.Void BlabberApp.DataStore.BlabAdapter::Add(BlabberApp.Domain.Blab)
FNDA:2,System.Void BlabberApp.DataStore.BlabAdapter::Add(BlabberApp.Domain.Blab)
DA:19,2
DA:20,2
DA:21,2
FN:23,System.Collections.IEnumerable BlabberApp.DataStore.BlabAdapter::GetAll()
FNDA:1,System.Collections.IEnumerable BlabberApp.DataStore.BlabAdapter::GetAll()
DA:24,1
DA:25,1
DA:26,1
FN:28,BlabberApp.Domain.Blab BlabberApp.DataStore.BlabAdapter::GetById(BlabberApp.Domain.Blab)
FNDA:1,BlabberApp.Domain.Blab BlabberApp.DataStore.BlabAdapter::GetById(BlabberApp.Domain.Blab)
DA:29,1
DA:30,1
DA:31,1
FN:32,System.Void BlabberApp.DataStore.BlabAdapter::Delete(BlabberApp.Domain.Blab)
FNDA:2,System.Void BlabberApp.DataStore.BlabAdapter::Delete(BlabberApp.Domain.Blab)
DA:33,2
DA:34,2
DA:35,2
FN:37,System.Collections.IEnumerable BlabberApp.DataStore.BlabAdapter::GetByEmail(System.String)
FNDA:0,System.Collections.IEnumerable BlabberApp.DataStore.BlabAdapter::GetByEmail(System.String)
DA:38,0
DA:39,0
DA:40,0
FN:11,System.Void BlabberApp.DataStore.BlabAdapter::.ctor(BlabberApp.DataStore.IBlabPlugin,BlabberApp.DataStore.IUserPlugin)
FNDA:2,System.Void BlabberApp.DataStore.BlabAdapter::.ctor(BlabberApp.DataStore.IBlabPlugin,BlabberApp.DataStore.IUserPlugin)
DA:12,2
DA:13,2
DA:14,2
DA:15,2
DA:16,2
LF:20
LH:17
BRF:0
BRH:0
FNF:6
FNH:5
end_of_record
SF:C:\Users\aubre\Desktop\assignment-05-aubsparrow\BlabberApp.DataStore\InMemory.cs
FN:18,System.Void BlabberApp.DataStore.InMemory::Create(BlabberApp.Domain.IDatum)
FNDA:2,System.Void BlabberApp.DataStore.InMemory::Create(BlabberApp.Domain.IDatum)
DA:19,2
DA:20,2
DA:21,2
FN:23,System.Collections.IEnumerable BlabberApp.DataStore.InMemory::ReadAll()
FNDA:1,System.Collections.IEnumerable BlabberApp.DataStore.InMemory::ReadAll()
DA:24,1
DA:25,1
DA:26,1
FN:28,BlabberApp.Domain.IDatum BlabberApp.DataStore.InMemory::ReadById(System.Guid)
FNDA:0,BlabberApp.Domain.IDatum BlabberApp.DataStore.InMemory::ReadById(System.Guid)
DA:29,0
DA:30,0
DA:31,0
DA:32,0
DA:33,0
DA:34,0
DA:36,0
DA:37,0
DA:38,0
BRDA:30,58,1,0
BRDA:32,44,0,0
BRDA:32,44,1,0
BRDA:30,58,0,0
FN:40,BlabberApp.Domain.IDatum BlabberApp.DataStore.InMemory::GetById(System.Guid)
FNDA:1,BlabberApp.Domain.IDatum BlabberApp.DataStore.InMemory::GetById(System.Guid)
DA:41,1
DA:42,4
DA:43,1
DA:44,1
DA:45,1
DA:46,1
DA:48,0
DA:49,0
DA:50,1
BRDA:42,58,1,1
BRDA:44,44,0,1
BRDA:44,44,1,0
BRDA:42,58,0,0
FN:52,BlabberApp.Domain.User BlabberApp.DataStore.InMemory::GetUserByEmail(System.String)
FNDA:0,BlabberApp.Domain.User BlabberApp.DataStore.InMemory::GetUserByEmail(System.String)
DA:53,0
DA:54,0
DA:55,0
DA:56,0
DA:57,0
DA:58,0
DA:60,0
DA:61,0
DA:62,0
BRDA:54,57,1,0
BRDA:56,43,0,0
BRDA:56,43,1,0
BRDA:54,57,0,0
FN:64,System.Collections.IEnumerable BlabberApp.DataStore.InMemory::GetBlabsByEmail(System.String)
FNDA:0,System.Collections.IEnumerable BlabberApp.DataStore.InMemory::GetBlabsByEmail(System.String)
DA:65,0
DA:66,0
DA:67,0
DA:68,0
DA:69,0
DA:70,0
DA:71,0
DA:72,0
DA:73,0
DA:74,0
DA:75,0
BRDA:67,73,1,0
BRDA:69,54,0,0
BRDA:69,54,1,0
BRDA:67,73,0,0
FN:77,System.Void BlabberApp.DataStore.InMemory::Update(BlabberApp.Domain.IDatum)
FNDA:0,System.Void BlabberApp.DataStore.InMemory::Update(BlabberApp.Domain.IDatum)
DA:78,0
DA:79,0
DA:80,0
DA:81,0
FN:83,System.Void BlabberApp.DataStore.InMemory::Delete(BlabberApp.Domain.IDatum)
FNDA:2,System.Void BlabberApp.DataStore.InMemory::Delete(BlabberApp.Domain.IDatum)
DA:84,2
DA:85,2
DA:86,2
FN:12,System.Void BlabberApp.DataStore.InMemory::.ctor()
FNDA:2,System.Void BlabberApp.DataStore.InMemory::.ctor()
DA:13,2
DA:14,2
DA:15,2
DA:16,2
LF:55
LH:20
BRF:16
BRH:2
FNF:9
FNH:5
end_of_record
SF:C:\Users\aubre\Desktop\assignment-05-aubsparrow\BlabberApp.DataStore\SqlBlab.cs
FN:27,System.Void BlabberApp.DataStore.SqlBlab::close()
FNDA:0,System.Void BlabberApp.DataStore.SqlBlab::close()
DA:28,0
DA:29,0
DA:30,0
FN:32,System.Void BlabberApp.DataStore.SqlBlab::Create(BlabberApp.Domain.IDatum)
FNDA:2,System.Void BlabberApp.DataStore.SqlBlab::Create(BlabberApp.Domain.IDatum)
DA:33,2
DA:34,2
DA:36,2
DA:37,2
DA:38,2
DA:39,2
DA:40,2
DA:41,2
DA:42,2
DA:43,2
DA:44,2
DA:45,2
DA:46,0
DA:47,0
DA:48,0
DA:49,0
DA:51,2
FN:53,BlabberApp.Domain.IDatum BlabberApp.DataStore.SqlBlab::GetById(System.Guid)
FNDA:1,BlabberApp.Domain.IDatum BlabberApp.DataStore.SqlBlab::GetById(System.Guid)
DA:54,1
DA:56,1
DA:57,1
DA:58,1
DA:59,1
DA:60,1
DA:62,1
DA:63,1
DA:65,0
DA:66,0
DA:67,0
DA:68,0
DA:70,1
FN:72,System.Collections.IEnumerable BlabberApp.DataStore.SqlBlab::ReadAll()
FNDA:1,System.Collections.IEnumerable BlabberApp.DataStore.SqlBlab::ReadAll()
DA:73,1
DA:74,1
DA:75,1
DA:76,1
DA:77,1
DA:79,1
DA:81,1
DA:83,9
DA:84,3
DA:85,3
DA:86,3
DA:87,1
DA:88,1
BRDA:83,114,1,3
BRDA:83,114,0,1
FN:90,System.Collections.IEnumerable BlabberApp.DataStore.SqlBlab::GetBlabsByEmail(System.String)
FNDA:0,System.Collections.IEnumerable BlabberApp.DataStore.SqlBlab::GetBlabsByEmail(System.String)
DA:91,0
DA:92,0
DA:93,0
DA:94,0
DA:95,0
DA:97,0
DA:99,0
DA:101,0
DA:102,0
DA:103,0
DA:104,0
DA:105,0
DA:106,0
BRDA:101,124,1,0
BRDA:101,124,0,0
FN:108,System.Void BlabberApp.DataStore.SqlBlab::Update(BlabberApp.Domain.IDatum)
FNDA:0,System.Void BlabberApp.DataStore.SqlBlab::Update(BlabberApp.Domain.IDatum)
DA:109,0
DA:110,0
DA:111,0
FN:113,System.Void BlabberApp.DataStore.SqlBlab::Delete(BlabberApp.Domain.IDatum)
FNDA:2,System.Void BlabberApp.DataStore.SqlBlab::Delete(BlabberApp.Domain.IDatum)
DA:114,2
DA:116,2
DA:117,2
DA:118,2
DA:119,2
DA:120,2
DA:121,0
DA:122,0
DA:123,0
DA:124,0
DA:126,2
FN:128,BlabberApp.Domain.Blab BlabberApp.DataStore.SqlBlab::convertRowToBlab(System.Data.DataRow)
FNDA:4,BlabberApp.Domain.Blab BlabberApp.DataStore.SqlBlab::convertRowToBlab(System.Data.DataRow)
DA:129,4
DA:130,4
DA:131,4
DA:132,4
DA:133,4
DA:135,4
DA:136,4
FN:12,System.Void BlabberApp.DataStore.SqlBlab::.ctor()
FNDA:2,System.Void BlabberApp.DataStore.SqlBlab::.ctor()
DA:13,2
DA:14,2
DA:15,2
DA:17,2
DA:18,2
DA:19,2
DA:20,0
DA:21,0
DA:22,0
DA:23,0
DA:25,2
LF:91
LH:56
BRF:4
BRH:2
FNF:9
FNH:6
end_of_record
SF:C:\Users\aubre\Desktop\assignment-05-aubsparrow\BlabberApp.DataStore\SqlUser.cs
FN:27,System.Void BlabberApp.DataStore.SqlUser::Close()
FNDA:0,System.Void BlabberApp.DataStore.SqlUser::Close()
DA:28,0
DA:29,0
DA:30,0
FN:32,System.Void BlabberApp.DataStore.SqlUser::Create(BlabberApp.Domain.IDatum)
FNDA:3,System.Void BlabberApp.DataStore.SqlUser::Create(BlabberApp.Domain.IDatum)
DA:33,3
DA:34,3
DA:36,3
DA:37,3
DA:38,3
DA:39,3
DA:40,3
DA:41,3
DA:42,3
DA:43,3
DA:44,3
DA:45,3
DA:46,0
DA:47,0
DA:48,0
DA:50,3
FN:52,System.Collections.IEnumerable BlabberApp.DataStore.SqlUser::ReadAll()
FNDA:1,System.Collections.IEnumerable BlabberApp.DataStore.SqlUser::ReadAll()
DA:53,1
DA:55,1
DA:56,1
DA:57,1
DA:58,1
DA:59,1
DA:61,1
DA:63,1
DA:65,11
DA:66,4
DA:67,4
DA:68,4
DA:70,1
DA:72,0
DA:73,0
DA:74,0
DA:76,1
BRDA:65,115,1,4
BRDA:65,115,0,1
FN:78,BlabberApp.Domain.IDatum BlabberApp.DataStore.SqlUser::GetById(System.Guid)
FNDA:1,BlabberApp.Domain.IDatum BlabberApp.DataStore.SqlUser::GetById(System.Guid)
DA:79,1
DA:81,1
DA:82,1
DA:83,1
DA:84,1
DA:85,1
DA:87,1
DA:88,1
DA:90,1
DA:92,0
DA:93,0
DA:94,0
DA:96,1
FN:98,System.Void BlabberApp.DataStore.SqlUser::Delete(BlabberApp.Domain.IDatum)
FNDA:3,System.Void BlabberApp.DataStore.SqlUser::Delete(BlabberApp.Domain.IDatum)
DA:99,3
DA:101,3
DA:102,3
DA:103,3
DA:104,3
DA:105,3
DA:106,3
DA:107,3
DA:108,0
DA:109,0
DA:110,0
DA:111,0
DA:113,3
FN:115,BlabberApp.Domain.User BlabberApp.DataStore.SqlUser::GetUserByEmail(System.String)
FNDA:1,BlabberApp.Domain.User BlabberApp.DataStore.SqlUser::GetUserByEmail(System.String)
DA:116,1
DA:118,1
DA:119,1
DA:120,1
DA:121,1
DA:122,1
DA:124,1
DA:125,1
DA:127,1
DA:129,0
DA:130,0
DA:131,0
DA:132,0
DA:135,1
FN:137,BlabberApp.Domain.User BlabberApp.DataStore.SqlUser::convertRowToUesr(System.Data.DataRow)
FNDA:6,BlabberApp.Domain.User BlabberApp.DataStore.SqlUser::convertRowToUesr(System.Data.DataRow)
DA:138,6
DA:139,6
DA:140,6
DA:141,6
DA:142,6
DA:143,6
DA:145,6
DA:146,6
FN:11,System.Void BlabberApp.DataStore.SqlUser::.ctor()
FNDA:5,System.Void BlabberApp.DataStore.SqlUser::.ctor()
DA:12,5
DA:13,5
DA:15,5
DA:17,5
DA:18,5
DA:19,5
DA:20,0
DA:21,0
DA:22,0
DA:23,0
DA:25,5
LF:95
LH:71
BRF:2
BRH:2
FNF:8
FNH:7
end_of_record
SF:C:\Users\aubre\Desktop\assignment-05-aubsparrow\BlabberApp.DataStore\UserAdapter.cs
FN:16,System.Void BlabberApp.DataStore.UserAdapter::Add(BlabberApp.Domain.User)
FNDA:5,System.Void BlabberApp.DataStore.UserAdapter::Add(BlabberApp.Domain.User)
DA:17,5
DA:18,5
DA:19,5
FN:21,System.Collections.IEnumerable BlabberApp.DataStore.UserAdapter::GetAll()
FNDA:2,System.Collections.IEnumerable BlabberApp.DataStore.UserAdapter::GetAll()
DA:22,2
DA:23,2
DA:24,2
FN:26,BlabberApp.Domain.User BlabberApp.DataStore.UserAdapter::GetById(System.Guid)
FNDA:2,BlabberApp.Domain.User BlabberApp.DataStore.UserAdapter::GetById(System.Guid)
DA:27,2
DA:28,2
DA:29,2
FN:31,System.Void BlabberApp.DataStore.UserAdapter::Delete(BlabberApp.Domain.User)
FNDA:5,System.Void BlabberApp.DataStore.UserAdapter::Delete(BlabberApp.Domain.User)
DA:32,5
DA:33,5
DA:34,5
FN:36,BlabberApp.Domain.User BlabberApp.DataStore.UserAdapter::GetUserByEmail(System.String)
FNDA:1,BlabberApp.Domain.User BlabberApp.DataStore.UserAdapter::GetUserByEmail(System.String)
DA:37,1
DA:38,1
DA:39,1
FN:10,System.Void BlabberApp.DataStore.UserAdapter::.ctor(BlabberApp.DataStore.IUserPlugin)
FNDA:5,System.Void BlabberApp.DataStore.UserAdapter::.ctor(BlabberApp.DataStore.IUserPlugin)
DA:11,5
DA:12,5
DA:13,5
DA:14,5
LF:19
LH:19
BRF:0
BRH:0
FNF:6
FNH:6
end_of_record
SF:C:\Users\aubre\Desktop\assignment-05-aubsparrow\BlabberApp.Domain\Blab.cs
FN:6,System.Guid BlabberApp.Domain.Blab::get_Id()
FNDA:17,System.Guid BlabberApp.Domain.Blab::get_Id()
DA:7,17
FN:7,System.DateTime BlabberApp.Domain.Blab::get_DateTime()
FNDA:0,System.DateTime BlabberApp.Domain.Blab::get_DateTime()
DA:8,0
FN:8,System.String BlabberApp.Domain.Blab::get_Message()
FNDA:12,System.String BlabberApp.Domain.Blab::get_Message()
DA:9,12
FN:9,BlabberApp.Domain.User BlabberApp.Domain.Blab::get_user()
FNDA:8,BlabberApp.Domain.User BlabberApp.Domain.Blab::get_user()
DA:10,8
FN:12,System.Void BlabberApp.Domain.Blab::.ctor()
FNDA:4,System.Void BlabberApp.Domain.Blab::.ctor()
DA:13,4
DA:14,4
DA:15,4
DA:16,4
DA:17,4
DA:18,4
DA:19,4
FN:20,System.Void BlabberApp.Domain.Blab::.ctor(System.String)
FNDA:0,System.Void BlabberApp.Domain.Blab::.ctor(System.String)
DA:21,0
DA:22,0
DA:23,0
DA:24,0
DA:25,0
DA:26,0
DA:27,0
FN:29,System.Void BlabberApp.Domain.Blab::.ctor(System.String,BlabberApp.Domain.User)
FNDA:2,System.Void BlabberApp.Domain.Blab::.ctor(System.String,BlabberApp.Domain.User)
DA:30,2
DA:31,2
DA:32,2
DA:33,2
DA:34,2
DA:35,2
DA:36,2
LF:25
LH:17
BRF:0
BRH:0
FNF:7
FNH:5
end_of_record
SF:C:\Users\aubre\Desktop\assignment-05-aubsparrow\BlabberApp.Domain\User.cs
FN:8,System.Guid BlabberApp.Domain.User::get_Id()
FNDA:40,System.Guid BlabberApp.Domain.User::get_Id()
DA:9,40
FN:9,System.DateTime BlabberApp.Domain.User::get_RegisterDTTM()
FNDA:0,System.DateTime BlabberApp.Domain.User::get_RegisterDTTM()
DA:10,0
FN:10,System.DateTime BlabberApp.Domain.User::get_LastLoginDTTM()
FNDA:0,System.DateTime BlabberApp.Domain.User::get_LastLoginDTTM()
DA:11,0
FN:11,System.String BlabberApp.Domain.User::get_Email()
FNDA:19,System.String BlabberApp.Domain.User::get_Email()
DA:12,19
FN:28,System.Void BlabberApp.Domain.User::ChangeEmail(System.String)
FNDA:13,System.Void BlabberApp.Domain.User::ChangeEmail(System.String)
DA:29,13
DA:30,13
DA:31,0
DA:33,13
DA:34,13
DA:35,13
DA:36,0
DA:37,0
DA:38,0
DA:40,13
DA:41,13
BRDA:30,7,0,13
BRDA:30,7,1,0
BRDA:30,24,0,0
BRDA:30,24,1,13
FN:13,System.Void BlabberApp.Domain.User::.ctor()
FNDA:10,System.Void BlabberApp.Domain.User::.ctor()
DA:14,10
DA:15,10
DA:16,10
DA:17,10
FN:17,System.Void BlabberApp.Domain.User::.ctor(System.String)
FNDA:7,System.Void BlabberApp.Domain.User::.ctor(System.String)
DA:18,7
DA:19,7
DA:20,7
DA:21,7
DA:22,7
DA:23,7
DA:26,7
LF:26
LH:20
BRF:4
BRH:2
FNF:7
FNH:5
end_of_record