SF:C:\Users\aubre\Desktop\assignment-05-aubsparrow\BlabberApp.DataStore\BlabAdapter.cs
FN:18,System.Void BlabberApp.DataStore.BlabAdapter::Add(BlabberApp.Domain.Blab)
FNDA:4,System.Void BlabberApp.DataStore.BlabAdapter::Add(BlabberApp.Domain.Blab)
DA:19,4
DA:20,4
DA:21,4
FN:23,System.Collections.IEnumerable BlabberApp.DataStore.BlabAdapter::GetAll()
FNDA:4,System.Collections.IEnumerable BlabberApp.DataStore.BlabAdapter::GetAll()
DA:24,4
DA:25,4
DA:26,4
FN:28,BlabberApp.Domain.Blab BlabberApp.DataStore.BlabAdapter::GetById(BlabberApp.Domain.Blab)
FNDA:1,BlabberApp.Domain.Blab BlabberApp.DataStore.BlabAdapter::GetById(BlabberApp.Domain.Blab)
DA:29,1
DA:30,1
DA:31,1
FN:32,System.Void BlabberApp.DataStore.BlabAdapter::Delete(BlabberApp.Domain.Blab)
FNDA:1,System.Void BlabberApp.DataStore.BlabAdapter::Delete(BlabberApp.Domain.Blab)
DA:33,1
DA:34,1
DA:35,1
FN:37,System.Collections.IEnumerable BlabberApp.DataStore.BlabAdapter::GetByEmail(System.String)
FNDA:0,System.Collections.IEnumerable BlabberApp.DataStore.BlabAdapter::GetByEmail(System.String)
DA:38,0
DA:39,0
DA:40,0
FN:11,System.Void BlabberApp.DataStore.BlabAdapter::.ctor(BlabberApp.DataStore.IBlabPlugin,BlabberApp.DataStore.IUserPlugin)
FNDA:9,System.Void BlabberApp.DataStore.BlabAdapter::.ctor(BlabberApp.DataStore.IBlabPlugin,BlabberApp.DataStore.IUserPlugin)
DA:12,9
DA:13,9
DA:14,9
DA:15,9
DA:16,9
LF:20
LH:17
BRF:0
BRH:0
FNF:6
FNH:5
end_of_record
SF:C:\Users\aubre\Desktop\assignment-05-aubsparrow\BlabberApp.DataStore\InMemory.cs
FN:18,System.Void BlabberApp.DataStore.InMemory::Create(BlabberApp.Domain.IDatum)
FNDA:9,System.Void BlabberApp.DataStore.InMemory::Create(BlabberApp.Domain.IDatum)
DA:19,9
DA:20,9
DA:21,9
FN:23,System.Collections.IEnumerable BlabberApp.DataStore.InMemory::ReadAll()
FNDA:6,System.Collections.IEnumerable BlabberApp.DataStore.InMemory::ReadAll()
DA:24,6
DA:25,6
DA:26,6
FN:28,BlabberApp.Domain.IDatum BlabberApp.DataStore.InMemory::ReadById(System.Guid)
FNDA:0,BlabberApp.Domain.IDatum BlabberApp.DataStore.InMemory::ReadById(System.Guid)
DA:29,0
DA:30,0
DA:31,0
DA:32,0
DA:33,0
DA:34,0
DA:36,0
DA:37,0
DA:38,0
BRDA:30,58,1,0
BRDA:32,44,0,0
BRDA:32,44,1,0
BRDA:30,58,0,0
FN:40,BlabberApp.Domain.IDatum BlabberApp.DataStore.InMemory::GetById(System.Guid)
FNDA:2,BlabberApp.Domain.IDatum BlabberApp.DataStore.InMemory::GetById(System.Guid)
DA:41,2
DA:42,8
DA:43,2
DA:44,2
DA:45,2
DA:46,2
DA:48,0
DA:49,0
DA:50,2
BRDA:42,58,1,2
BRDA:44,44,0,2
BRDA:44,44,1,0
BRDA:42,58,0,0
FN:52,BlabberApp.Domain.User BlabberApp.DataStore.InMemory::GetUserByEmail(System.String)
FNDA:3,BlabberApp.Domain.User BlabberApp.DataStore.InMemory::GetUserByEmail(System.String)
DA:53,3
DA:54,11
DA:55,2
DA:56,2
DA:57,2
DA:58,2
DA:60,0
DA:61,1
DA:62,3
BRDA:54,57,1,2
BRDA:56,43,0,2
BRDA:56,43,1,0
BRDA:54,57,0,1
FN:64,System.Collections.IEnumerable BlabberApp.DataStore.InMemory::GetBlabsByEmail(System.String)
FNDA:0,System.Collections.IEnumerable BlabberApp.DataStore.InMemory::GetBlabsByEmail(System.String)
DA:65,0
DA:66,0
DA:67,0
DA:68,0
DA:69,0
DA:70,0
DA:71,0
DA:72,0
DA:73,0
DA:74,0
DA:75,0
BRDA:67,73,1,0
BRDA:69,54,0,0
BRDA:69,54,1,0
BRDA:67,73,0,0
FN:77,System.Void BlabberApp.DataStore.InMemory::Delete(BlabberApp.Domain.IDatum)
FNDA:0,System.Void BlabberApp.DataStore.InMemory::Delete(BlabberApp.Domain.IDatum)
DA:78,0
DA:79,0
DA:80,0
FN:12,System.Void BlabberApp.DataStore.InMemory::.ctor()
FNDA:32,System.Void BlabberApp.DataStore.InMemory::.ctor()
DA:13,32
DA:14,32
DA:15,32
DA:16,32
LF:51
LH:25
BRF:16
BRH:5
FNF:8
FNH:5
end_of_record
SF:C:\Users\aubre\Desktop\assignment-05-aubsparrow\BlabberApp.DataStore\SqlBlab.cs
FN:27,System.Void BlabberApp.DataStore.SqlBlab::Create(BlabberApp.Domain.IDatum)
FNDA:2,System.Void BlabberApp.DataStore.SqlBlab::Create(BlabberApp.Domain.IDatum)
DA:28,2
DA:29,2
DA:31,2
DA:32,2
DA:33,2
DA:34,2
DA:35,2
DA:36,2
DA:37,2
DA:38,2
DA:39,2
DA:40,2
DA:41,0
DA:42,0
DA:43,0
DA:44,0
DA:46,2
FN:48,BlabberApp.Domain.IDatum BlabberApp.DataStore.SqlBlab::GetById(System.Guid)
FNDA:2,BlabberApp.Domain.IDatum BlabberApp.DataStore.SqlBlab::GetById(System.Guid)
DA:49,2
DA:51,2
DA:52,2
DA:53,2
DA:54,2
DA:55,2
DA:57,2
DA:58,2
DA:60,0
DA:61,0
DA:62,0
DA:63,0
DA:65,2
FN:67,System.Collections.IEnumerable BlabberApp.DataStore.SqlBlab::ReadAll()
FNDA:1,System.Collections.IEnumerable BlabberApp.DataStore.SqlBlab::ReadAll()
DA:68,1
DA:69,1
DA:70,1
DA:71,1
DA:72,1
DA:74,1
DA:76,1
DA:78,47
DA:79,22
DA:80,22
DA:81,22
DA:82,1
DA:83,1
BRDA:78,114,1,22
BRDA:78,114,0,1
FN:85,System.Collections.IEnumerable BlabberApp.DataStore.SqlBlab::GetBlabsByEmail(System.String)
FNDA:0,System.Collections.IEnumerable BlabberApp.DataStore.SqlBlab::GetBlabsByEmail(System.String)
DA:86,0
DA:87,0
DA:88,0
DA:89,0
DA:90,0
DA:92,0
DA:94,0
DA:96,0
DA:97,0
DA:98,0
DA:99,0
DA:100,0
DA:101,0
BRDA:96,130,1,0
BRDA:96,130,0,0
FN:103,System.Void BlabberApp.DataStore.SqlBlab::Update(BlabberApp.Domain.IDatum)
FNDA:0,System.Void BlabberApp.DataStore.SqlBlab::Update(BlabberApp.Domain.IDatum)
DA:104,0
DA:105,0
DA:106,0
FN:108,System.Void BlabberApp.DataStore.SqlBlab::Delete(BlabberApp.Domain.IDatum)
FNDA:1,System.Void BlabberApp.DataStore.SqlBlab::Delete(BlabberApp.Domain.IDatum)
DA:109,1
DA:111,1
DA:112,1
DA:113,1
DA:114,1
DA:115,1
DA:116,0
DA:117,0
DA:118,0
DA:119,0
DA:121,1
FN:123,BlabberApp.Domain.Blab BlabberApp.DataStore.SqlBlab::convertRowToBlab(System.Data.DataRow)
FNDA:24,BlabberApp.Domain.Blab BlabberApp.DataStore.SqlBlab::convertRowToBlab(System.Data.DataRow)
DA:124,24
DA:125,24
DA:127,24
DA:129,24
DA:130,24
DA:131,24
DA:132,24
DA:134,24
DA:135,24
FN:12,System.Void BlabberApp.DataStore.SqlBlab::.ctor()
FNDA:3,System.Void BlabberApp.DataStore.SqlBlab::.ctor()
DA:13,3
DA:14,3
DA:15,3
DA:17,3
DA:18,3
DA:19,3
DA:20,0
DA:21,0
DA:22,0
DA:23,0
DA:25,3
LF:90
LH:58
BRF:4
BRH:2
FNF:8
FNH:6
end_of_record
SF:C:\Users\aubre\Desktop\assignment-05-aubsparrow\BlabberApp.DataStore\SqlUser.cs
FN:26,System.Void BlabberApp.DataStore.SqlUser::Create(BlabberApp.Domain.IDatum)
FNDA:2,System.Void BlabberApp.DataStore.SqlUser::Create(BlabberApp.Domain.IDatum)
DA:27,2
DA:28,2
DA:30,2
DA:31,2
DA:32,2
DA:33,2
DA:34,2
DA:35,2
DA:36,2
DA:37,2
DA:38,2
DA:39,2
DA:40,0
DA:41,0
DA:42,0
DA:44,2
FN:46,System.Collections.IEnumerable BlabberApp.DataStore.SqlUser::ReadAll()
FNDA:2,System.Collections.IEnumerable BlabberApp.DataStore.SqlUser::ReadAll()
DA:47,2
DA:49,2
DA:50,2
DA:51,2
DA:52,2
DA:53,2
DA:55,2
DA:57,2
DA:59,14
DA:60,4
DA:61,4
DA:62,4
DA:64,2
DA:66,0
DA:67,0
DA:68,0
DA:70,2
BRDA:59,115,1,4
BRDA:59,115,0,2
FN:72,BlabberApp.Domain.IDatum BlabberApp.DataStore.SqlUser::GetById(System.Guid)
FNDA:0,BlabberApp.Domain.IDatum BlabberApp.DataStore.SqlUser::GetById(System.Guid)
DA:73,0
DA:75,0
DA:76,0
DA:77,0
DA:78,0
DA:79,0
DA:81,0
DA:82,0
DA:84,0
DA:86,0
DA:87,0
DA:88,0
DA:90,0
FN:92,System.Void BlabberApp.DataStore.SqlUser::Delete(BlabberApp.Domain.IDatum)
FNDA:2,System.Void BlabberApp.DataStore.SqlUser::Delete(BlabberApp.Domain.IDatum)
DA:93,2
DA:95,2
DA:96,2
DA:97,2
DA:98,2
DA:99,2
DA:100,2
DA:101,2
DA:102,0
DA:103,0
DA:104,0
DA:105,0
DA:107,2
FN:109,BlabberApp.Domain.User BlabberApp.DataStore.SqlUser::GetUserByEmail(System.String)
FNDA:3,BlabberApp.Domain.User BlabberApp.DataStore.SqlUser::GetUserByEmail(System.String)
DA:110,3
DA:112,3
DA:113,3
DA:114,3
DA:115,3
DA:116,3
DA:118,3
DA:119,3
DA:121,1
DA:123,2
DA:124,2
DA:125,2
DA:126,2
DA:129,3
FN:131,BlabberApp.Domain.User BlabberApp.DataStore.SqlUser::convertRowToUesr(System.Data.DataRow)
FNDA:5,BlabberApp.Domain.User BlabberApp.DataStore.SqlUser::convertRowToUesr(System.Data.DataRow)
DA:132,5
DA:133,5
DA:134,5
DA:135,5
DA:136,5
DA:137,5
DA:139,5
DA:140,5
FN:11,System.Void BlabberApp.DataStore.SqlUser::.ctor()
FNDA:3,System.Void BlabberApp.DataStore.SqlUser::.ctor()
DA:12,3
DA:13,3
DA:15,3
DA:17,3
DA:18,3
DA:19,3
DA:20,0
DA:21,0
DA:22,0
DA:23,0
DA:25,3
LF:92
LH:65
BRF:2
BRH:2
FNF:7
FNH:6
end_of_record
SF:C:\Users\aubre\Desktop\assignment-05-aubsparrow\BlabberApp.DataStore\UserAdapter.cs
FN:16,System.Void BlabberApp.DataStore.UserAdapter::Add(BlabberApp.Domain.User)
FNDA:7,System.Void BlabberApp.DataStore.UserAdapter::Add(BlabberApp.Domain.User)
DA:17,7
DA:18,7
DA:19,7
FN:21,System.Collections.IEnumerable BlabberApp.DataStore.UserAdapter::GetAll()
FNDA:5,System.Collections.IEnumerable BlabberApp.DataStore.UserAdapter::GetAll()
DA:22,5
DA:23,5
DA:24,5
FN:26,BlabberApp.Domain.User BlabberApp.DataStore.UserAdapter::GetById(System.Guid)
FNDA:1,BlabberApp.Domain.User BlabberApp.DataStore.UserAdapter::GetById(System.Guid)
DA:27,1
DA:28,1
DA:29,1
FN:31,System.Void BlabberApp.DataStore.UserAdapter::Delete(BlabberApp.Domain.User)
FNDA:2,System.Void BlabberApp.DataStore.UserAdapter::Delete(BlabberApp.Domain.User)
DA:32,2
DA:33,2
DA:34,2
FN:36,BlabberApp.Domain.User BlabberApp.DataStore.UserAdapter::GetUserByEmail(System.String)
FNDA:6,BlabberApp.Domain.User BlabberApp.DataStore.UserAdapter::GetUserByEmail(System.String)
DA:37,6
DA:38,6
DA:39,6
FN:10,System.Void BlabberApp.DataStore.UserAdapter::.ctor(BlabberApp.DataStore.IUserPlugin)
FNDA:15,System.Void BlabberApp.DataStore.UserAdapter::.ctor(BlabberApp.DataStore.IUserPlugin)
DA:11,15
DA:12,15
DA:13,15
DA:14,15
LF:19
LH:19
BRF:0
BRH:0
FNF:6
FNH:6
end_of_record
SF:C:\Users\aubre\Desktop\assignment-05-aubsparrow\BlabberApp.Domain\Blab.cs
FN:6,System.Guid BlabberApp.Domain.Blab::get_Id()
FNDA:69,System.Guid BlabberApp.Domain.Blab::get_Id()
DA:7,69
FN:7,System.DateTime BlabberApp.Domain.Blab::get_DateTime()
FNDA:0,System.DateTime BlabberApp.Domain.Blab::get_DateTime()
DA:8,0
FN:8,System.String BlabberApp.Domain.Blab::get_Message()
FNDA:58,System.String BlabberApp.Domain.Blab::get_Message()
DA:9,58
FN:9,BlabberApp.Domain.User BlabberApp.Domain.Blab::get_user()
FNDA:37,BlabberApp.Domain.User BlabberApp.Domain.Blab::get_user()
DA:10,37
FN:12,System.Void BlabberApp.Domain.Blab::.ctor()
FNDA:0,System.Void BlabberApp.Domain.Blab::.ctor()
DA:13,0
DA:14,0
DA:15,0
DA:16,0
DA:17,0
DA:18,0
DA:19,0
FN:20,System.Void BlabberApp.Domain.Blab::.ctor(System.String)
FNDA:0,System.Void BlabberApp.Domain.Blab::.ctor(System.String)
DA:21,0
DA:22,0
DA:23,0
DA:24,0
DA:25,0
DA:26,0
DA:27,0
FN:29,System.Void BlabberApp.Domain.Blab::.ctor(System.String,BlabberApp.Domain.User)
FNDA:32,System.Void BlabberApp.Domain.Blab::.ctor(System.String,BlabberApp.Domain.User)
DA:30,32
DA:31,32
DA:32,32
DA:33,32
DA:34,32
DA:35,32
DA:36,32
LF:25
LH:10
BRF:0
BRH:0
FNF:7
FNH:4
end_of_record
SF:C:\Users\aubre\Desktop\assignment-05-aubsparrow\BlabberApp.Domain\User.cs
FN:8,System.Guid BlabberApp.Domain.User::get_Id()
FNDA:68,System.Guid BlabberApp.Domain.User::get_Id()
DA:9,68
FN:9,System.DateTime BlabberApp.Domain.User::get_RegisterDTTM()
FNDA:0,System.DateTime BlabberApp.Domain.User::get_RegisterDTTM()
DA:10,0
FN:10,System.DateTime BlabberApp.Domain.User::get_LastLoginDTTM()
FNDA:0,System.DateTime BlabberApp.Domain.User::get_LastLoginDTTM()
DA:11,0
FN:11,System.String BlabberApp.Domain.User::get_Email()
FNDA:58,System.String BlabberApp.Domain.User::get_Email()
DA:12,58
FN:28,System.Void BlabberApp.Domain.User::ChangeEmail(System.String)
FNDA:48,System.Void BlabberApp.Domain.User::ChangeEmail(System.String)
DA:29,48
DA:30,48
DA:31,0
DA:33,48
DA:34,48
DA:35,48
DA:36,0
DA:37,0
DA:38,0
DA:40,48
DA:41,48
BRDA:30,7,0,48
BRDA:30,7,1,0
BRDA:30,24,0,0
BRDA:30,24,1,48
FN:13,System.Void BlabberApp.Domain.User::.ctor()
FNDA:31,System.Void BlabberApp.Domain.User::.ctor()
DA:14,31
DA:15,31
DA:16,31
DA:17,31
FN:17,System.Void BlabberApp.Domain.User::.ctor(System.String)
FNDA:18,System.Void BlabberApp.Domain.User::.ctor(System.String)
DA:18,18
DA:19,18
DA:20,18
DA:21,18
DA:22,18
DA:23,18
DA:26,18
LF:26
LH:20
BRF:4
BRH:2
FNF:7
FNH:5
end_of_record
SF:C:\Users\aubre\Desktop\assignment-05-aubsparrow\BlabberApp.Services\BlabFactory.cs
FN:8,BlabberApp.DataStore.BlabAdapter BlabberApp.Services.BlabFactory::CreateBlabAdapter(BlabberApp.DataStore.IBlabPlugin,BlabberApp.DataStore.IUserPlugin)
FNDA:9,BlabberApp.DataStore.BlabAdapter BlabberApp.Services.BlabFactory::CreateBlabAdapter(BlabberApp.DataStore.IBlabPlugin,BlabberApp.DataStore.IUserPlugin)
DA:9,9
DA:10,9
DA:11,8
DA:12,8
DA:13,8
DA:15,8
DA:16,9
DA:17,9
BRDA:10,7,0,8
BRDA:10,7,1,9
FN:19,BlabberApp.DataStore.IBlabPlugin BlabberApp.Services.BlabFactory::CreateBlabPlugin(System.String)
FNDA:12,BlabberApp.DataStore.IBlabPlugin BlabberApp.Services.BlabFactory::CreateBlabPlugin(System.String)
DA:20,12
DA:21,12
DA:22,2
DA:23,2
DA:26,10
DA:27,10
DA:29,12
BRDA:21,19,0,2
BRDA:21,19,1,10
FN:31,BlabberApp.Services.IBlabService BlabberApp.Services.BlabFactory::CreateBlabService(BlabberApp.DataStore.BlabAdapter,BlabberApp.DataStore.UserAdapter)
FNDA:6,BlabberApp.Services.IBlabService BlabberApp.Services.BlabFactory::CreateBlabService(BlabberApp.DataStore.BlabAdapter,BlabberApp.DataStore.UserAdapter)
DA:32,6
DA:34,6
DA:35,6
DA:36,6
DA:37,6
DA:38,6
DA:40,6
DA:41,6
BRDA:34,7,0,6
BRDA:34,7,1,6
FN:6,System.Void BlabberApp.Services.BlabFactory::.ctor()
FNDA:12,System.Void BlabberApp.Services.BlabFactory::.ctor()
DA:7,12
LF:24
LH:24
BRF:6
BRH:6
FNF:4
FNH:4
end_of_record
SF:C:\Users\aubre\Desktop\assignment-05-aubsparrow\BlabberApp.Services\BlabService.cs
FN:18,System.Void BlabberApp.Services.BlabService::NewBlab(BlabberApp.Domain.Blab)
FNDA:3,System.Void BlabberApp.Services.BlabService::NewBlab(BlabberApp.Domain.Blab)
DA:19,3
DA:20,3
DA:21,3
FN:22,System.Collections.IEnumerable BlabberApp.Services.BlabService::GetAll()
FNDA:2,System.Collections.IEnumerable BlabberApp.Services.BlabService::GetAll()
DA:23,2
DA:24,2
DA:25,2
FN:27,BlabberApp.Domain.Blab BlabberApp.Services.BlabService::CreateBlab(System.String,System.String)
FNDA:3,BlabberApp.Domain.Blab BlabberApp.Services.BlabService::CreateBlab(System.String,System.String)
DA:28,3
DA:29,3
DA:30,3
DA:31,2
DA:32,2
DA:33,2
DA:34,2
DA:36,1
DA:38,3
BRDA:30,20,0,2
BRDA:30,20,1,1
FN:11,System.Void BlabberApp.Services.BlabService::.ctor(BlabberApp.DataStore.BlabAdapter,BlabberApp.DataStore.UserAdapter)
FNDA:7,System.Void BlabberApp.Services.BlabService::.ctor(BlabberApp.DataStore.BlabAdapter,BlabberApp.DataStore.UserAdapter)
DA:12,7
DA:13,7
DA:14,7
DA:15,7
DA:16,7
LF:20
LH:20
BRF:2
BRH:2
FNF:4
FNH:4
end_of_record
SF:C:\Users\aubre\Desktop\assignment-05-aubsparrow\BlabberApp.Services\Program.cs
FN:13,System.Void BlabberApp.Services.Program::Main(System.String[])
FNDA:0,System.Void BlabberApp.Services.Program::Main(System.String[])
DA:14,0
DA:15,0
DA:16,0
FN:20,Microsoft.Extensions.Hosting.IHostBuilder BlabberApp.Services.Program::CreateHostBuilder(System.String[])
FNDA:0,Microsoft.Extensions.Hosting.IHostBuilder BlabberApp.Services.Program::CreateHostBuilder(System.String[])
DA:21,0
DA:22,0
DA:23,0
DA:24,0
DA:25,0
LF:8
LH:0
BRF:0
BRH:0
FNF:2
FNH:0
end_of_record
SF:C:\Users\aubre\Desktop\assignment-05-aubsparrow\BlabberApp.Services\Services\GreeterService.cs
FN:18,System.Threading.Tasks.Task`1<BlabberApp.Services.HelloReply> BlabberApp.Services.GreeterService::SayHello(BlabberApp.Services.HelloRequest,Grpc.Core.ServerCallContext)
FNDA:0,System.Threading.Tasks.Task`1<BlabberApp.Services.HelloReply> BlabberApp.Services.GreeterService::SayHello(BlabberApp.Services.HelloRequest,Grpc.Core.ServerCallContext)
DA:19,0
DA:20,0
DA:21,0
DA:22,0
DA:23,0
DA:24,0
FN:12,System.Void BlabberApp.Services.GreeterService::.ctor(Microsoft.Extensions.Logging.ILogger`1<BlabberApp.Services.GreeterService>)
FNDA:0,System.Void BlabberApp.Services.GreeterService::.ctor(Microsoft.Extensions.Logging.ILogger`1<BlabberApp.Services.GreeterService>)
DA:13,0
DA:14,0
DA:15,0
DA:16,0
LF:10
LH:0
BRF:0
BRH:0
FNF:2
FNH:0
end_of_record
SF:C:\Users\aubre\Desktop\assignment-05-aubsparrow\BlabberApp.Services\Startup.cs
FN:17,System.Void BlabberApp.Services.Startup::ConfigureServices(Microsoft.Extensions.DependencyInjection.IServiceCollection)
FNDA:0,System.Void BlabberApp.Services.Startup::ConfigureServices(Microsoft.Extensions.DependencyInjection.IServiceCollection)
DA:18,0
DA:19,0
DA:20,0
FN:23,System.Void BlabberApp.Services.Startup::Configure(Microsoft.AspNetCore.Builder.IApplicationBuilder,Microsoft.AspNetCore.Hosting.IWebHostEnvironment)
FNDA:0,System.Void BlabberApp.Services.Startup::Configure(Microsoft.AspNetCore.Builder.IApplicationBuilder,Microsoft.AspNetCore.Hosting.IWebHostEnvironment)
DA:24,0
DA:25,0
DA:26,0
DA:27,0
DA:28,0
DA:30,0
DA:32,0
DA:33,0
DA:34,0
DA:35,0
DA:36,0
DA:37,0
DA:38,0
DA:39,0
DA:40,0
DA:41,0
BRDA:25,9,0,0
BRDA:25,9,1,0
LF:19
LH:0
BRF:2
BRH:0
FNF:2
FNH:0
end_of_record
SF:C:\Users\aubre\Desktop\assignment-05-aubsparrow\BlabberApp.Services\UserFactory.cs
FN:7,BlabberApp.DataStore.UserAdapter BlabberApp.Services.UserFactory::CreateUserAdapter(BlabberApp.DataStore.IUserPlugin)
FNDA:15,BlabberApp.DataStore.UserAdapter BlabberApp.Services.UserFactory::CreateUserAdapter(BlabberApp.DataStore.IUserPlugin)
DA:8,15
DA:9,15
DA:10,13
DA:11,13
DA:12,13
DA:14,15
DA:15,15
BRDA:9,7,0,13
BRDA:9,7,1,15
FN:16,BlabberApp.DataStore.IUserPlugin BlabberApp.Services.UserFactory::CreateUserPlugin(System.String)
FNDA:23,BlabberApp.DataStore.IUserPlugin BlabberApp.Services.UserFactory::CreateUserPlugin(System.String)
DA:17,23
DA:18,23
DA:19,1
DA:20,1
DA:23,22
DA:24,23
BRDA:18,19,0,1
BRDA:18,19,1,22
FN:26,BlabberApp.Services.UserService BlabberApp.Services.UserFactory::CreateUserService(BlabberApp.DataStore.UserAdapter)
FNDA:4,BlabberApp.Services.UserService BlabberApp.Services.UserFactory::CreateUserService(BlabberApp.DataStore.UserAdapter)
DA:27,4
DA:28,4
DA:29,4
DA:30,4
DA:31,4
DA:33,4
DA:34,4
BRDA:28,7,0,4
BRDA:28,7,1,4
LF:20
LH:20
BRF:6
BRH:6
FNF:3
FNH:3
end_of_record
SF:C:\Users\aubre\Desktop\assignment-05-aubsparrow\BlabberApp.Services\UserService.cs
FN:17,System.Collections.IEnumerable BlabberApp.Services.UserService::GetAllUsers()
FNDA:3,System.Collections.IEnumerable BlabberApp.Services.UserService::GetAllUsers()
DA:18,3
DA:19,3
DA:20,3
FN:22,System.Void BlabberApp.Services.UserService::AddNewUser(System.String)
FNDA:1,System.Void BlabberApp.Services.UserService::AddNewUser(System.String)
DA:23,1
DA:25,1
DA:26,1
DA:27,1
DA:28,0
DA:29,0
DA:30,0
DA:31,0
DA:33,1
FN:35,BlabberApp.Domain.User BlabberApp.Services.UserService::CreateUser(System.String)
FNDA:2,BlabberApp.Domain.User BlabberApp.Services.UserService::CreateUser(System.String)
DA:36,2
DA:37,2
DA:38,2
FN:11,System.Void BlabberApp.Services.UserService::.ctor(BlabberApp.DataStore.UserAdapter)
FNDA:4,System.Void BlabberApp.Services.UserService::.ctor(BlabberApp.DataStore.UserAdapter)
DA:12,4
DA:13,4
DA:14,4
DA:15,4
LF:19
LH:15
BRF:0
BRH:0
FNF:4
FNH:4
end_of_record
SF:C:\Users\aubre\Desktop\assignment-05-aubsparrow\BlabberApp.Services\obj\Debug\netcoreapp3.1\Greet.cs
FN:19,Google.Protobuf.Reflection.FileDescriptor BlabberApp.Services.GreetReflection::get_Descriptor()
FNDA:0,Google.Protobuf.Reflection.FileDescriptor BlabberApp.Services.GreetReflection::get_Descriptor()
DA:20,0
FN:23,System.Void BlabberApp.Services.GreetReflection::.cctor()
FNDA:0,System.Void BlabberApp.Services.GreetReflection::.cctor()
DA:24,0
DA:25,0
DA:26,0
DA:27,0
DA:28,0
DA:29,0
DA:30,0
DA:31,0
DA:32,0
DA:33,0
DA:34,0
DA:35,0
DA:36,0
DA:37,0
DA:38,0
FN:49,Google.Protobuf.MessageParser`1<BlabberApp.Services.HelloRequest> BlabberApp.Services.HelloRequest::get_Parser()
FNDA:0,Google.Protobuf.MessageParser`1<BlabberApp.Services.HelloRequest> BlabberApp.Services.HelloRequest::get_Parser()
DA:50,0
FN:53,Google.Protobuf.Reflection.MessageDescriptor BlabberApp.Services.HelloRequest::get_Descriptor()
FNDA:0,Google.Protobuf.Reflection.MessageDescriptor BlabberApp.Services.HelloRequest::get_Descriptor()
DA:54,0
FN:58,Google.Protobuf.Reflection.MessageDescriptor BlabberApp.Services.HelloRequest::pb::Google.Protobuf.IMessage.get_Descriptor()
FNDA:0,Google.Protobuf.Reflection.MessageDescriptor BlabberApp.Services.HelloRequest::pb::Google.Protobuf.IMessage.get_Descriptor()
DA:59,0
FN:75,BlabberApp.Services.HelloRequest BlabberApp.Services.HelloRequest::Clone()
FNDA:0,BlabberApp.Services.HelloRequest BlabberApp.Services.HelloRequest::Clone()
DA:76,0
DA:77,0
DA:78,0
FN:84,System.String BlabberApp.Services.HelloRequest::get_Name()
FNDA:0,System.String BlabberApp.Services.HelloRequest::get_Name()
DA:85,0
FN:85,System.Void BlabberApp.Services.HelloRequest::set_Name(System.String)
FNDA:0,System.Void BlabberApp.Services.HelloRequest::set_Name(System.String)
DA:86,0
DA:87,0
DA:88,0
FN:91,System.Boolean BlabberApp.Services.HelloRequest::Equals(System.Object)
FNDA:0,System.Boolean BlabberApp.Services.HelloRequest::Equals(System.Object)
DA:92,0
DA:93,0
DA:94,0
FN:96,System.Boolean BlabberApp.Services.HelloRequest::Equals(BlabberApp.Services.HelloRequest)
FNDA:0,System.Boolean BlabberApp.Services.HelloRequest::Equals(BlabberApp.Services.HelloRequest)
DA:97,0
DA:98,0
DA:99,0
DA:101,0
DA:102,0
DA:104,0
DA:105,0
DA:106,0
BRDA:98,7,0,0
BRDA:98,7,1,0
BRDA:101,20,0,0
BRDA:101,20,1,0
BRDA:104,46,0,0
BRDA:104,46,1,0
FN:108,System.Int32 BlabberApp.Services.HelloRequest::GetHashCode()
FNDA:0,System.Int32 BlabberApp.Services.HelloRequest::GetHashCode()
DA:109,0
DA:110,0
DA:111,0
DA:112,0
DA:113,0
DA:114,0
DA:115,0
DA:116,0
BRDA:111,19,0,0
BRDA:111,19,1,0
BRDA:112,46,0,0
BRDA:112,46,1,0
FN:118,System.String BlabberApp.Services.HelloRequest::ToString()
FNDA:0,System.String BlabberApp.Services.HelloRequest::ToString()
DA:119,0
DA:120,0
DA:121,0
FN:123,System.Void BlabberApp.Services.HelloRequest::WriteTo(Google.Protobuf.CodedOutputStream)
FNDA:0,System.Void BlabberApp.Services.HelloRequest::WriteTo(Google.Protobuf.CodedOutputStream)
DA:124,0
DA:125,0
DA:126,0
DA:127,0
DA:128,0
DA:129,0
DA:130,0
DA:131,0
DA:132,0
BRDA:125,17,0,0
BRDA:125,17,1,0
BRDA:129,54,0,0
BRDA:129,54,1,0
FN:134,System.Int32 BlabberApp.Services.HelloRequest::CalculateSize()
FNDA:0,System.Int32 BlabberApp.Services.HelloRequest::CalculateSize()
DA:135,0
DA:136,0
DA:137,0
DA:138,0
DA:139,0
DA:140,0
DA:141,0
DA:142,0
DA:143,0
DA:144,0
BRDA:137,19,0,0
BRDA:137,19,1,0
BRDA:140,50,0,0
BRDA:140,50,1,0
FN:146,System.Void BlabberApp.Services.HelloRequest::MergeFrom(BlabberApp.Services.HelloRequest)
FNDA:0,System.Void BlabberApp.Services.HelloRequest::MergeFrom(BlabberApp.Services.HelloRequest)
DA:147,0
DA:148,0
DA:149,0
DA:151,0
DA:152,0
DA:153,0
DA:154,0
DA:155,0
BRDA:148,7,0,0
BRDA:148,7,1,0
BRDA:151,28,0,0
BRDA:151,28,1,0
FN:157,System.Void BlabberApp.Services.HelloRequest::MergeFrom(Google.Protobuf.CodedInputStream)
FNDA:0,System.Void BlabberApp.Services.HelloRequest::MergeFrom(Google.Protobuf.CodedInputStream)
DA:158,0
DA:160,0
DA:161,0
DA:163,0
DA:164,0
DA:165,0
DA:166,0
DA:167,0
DA:170,0
DA:171,0
BRDA:160,65,1,0
BRDA:161,11,0,0
BRDA:161,11,1,0
BRDA:160,65,0,0
FN:62,System.Void BlabberApp.Services.HelloRequest::.ctor()
FNDA:0,System.Void BlabberApp.Services.HelloRequest::.ctor()
DA:63,0
DA:65,0
DA:82,0
FN:69,System.Void BlabberApp.Services.HelloRequest::.ctor(BlabberApp.Services.HelloRequest)
FNDA:0,System.Void BlabberApp.Services.HelloRequest::.ctor(BlabberApp.Services.HelloRequest)
DA:70,0
DA:71,0
DA:72,0
DA:73,0
FN:46,System.Void BlabberApp.Services.HelloRequest::.cctor()
FNDA:0,System.Void BlabberApp.Services.HelloRequest::.cctor()
DA:47,0
FN:181,Google.Protobuf.MessageParser`1<BlabberApp.Services.HelloReply> BlabberApp.Services.HelloReply::get_Parser()
FNDA:0,Google.Protobuf.MessageParser`1<BlabberApp.Services.HelloReply> BlabberApp.Services.HelloReply::get_Parser()
DA:182,0
FN:185,Google.Protobuf.Reflection.MessageDescriptor BlabberApp.Services.HelloReply::get_Descriptor()
FNDA:0,Google.Protobuf.Reflection.MessageDescriptor BlabberApp.Services.HelloReply::get_Descriptor()
DA:186,0
FN:190,Google.Protobuf.Reflection.MessageDescriptor BlabberApp.Services.HelloReply::pb::Google.Protobuf.IMessage.get_Descriptor()
FNDA:0,Google.Protobuf.Reflection.MessageDescriptor BlabberApp.Services.HelloReply::pb::Google.Protobuf.IMessage.get_Descriptor()
DA:191,0
FN:207,BlabberApp.Services.HelloReply BlabberApp.Services.HelloReply::Clone()
FNDA:0,BlabberApp.Services.HelloReply BlabberApp.Services.HelloReply::Clone()
DA:208,0
DA:209,0
DA:210,0
FN:216,System.String BlabberApp.Services.HelloReply::get_Message()
FNDA:0,System.String BlabberApp.Services.HelloReply::get_Message()
DA:217,0
FN:217,System.Void BlabberApp.Services.HelloReply::set_Message(System.String)
FNDA:0,System.Void BlabberApp.Services.HelloReply::set_Message(System.String)
DA:218,0
DA:219,0
DA:220,0
FN:223,System.Boolean BlabberApp.Services.HelloReply::Equals(System.Object)
FNDA:0,System.Boolean BlabberApp.Services.HelloReply::Equals(System.Object)
DA:224,0
DA:225,0
DA:226,0
FN:228,System.Boolean BlabberApp.Services.HelloReply::Equals(BlabberApp.Services.HelloReply)
FNDA:0,System.Boolean BlabberApp.Services.HelloReply::Equals(BlabberApp.Services.HelloReply)
DA:229,0
DA:230,0
DA:231,0
DA:233,0
DA:234,0
DA:236,0
DA:237,0
DA:238,0
BRDA:230,7,0,0
BRDA:230,7,1,0
BRDA:233,20,0,0
BRDA:233,20,1,0
BRDA:236,46,0,0
BRDA:236,46,1,0
FN:240,System.Int32 BlabberApp.Services.HelloReply::GetHashCode()
FNDA:0,System.Int32 BlabberApp.Services.HelloReply::GetHashCode()
DA:241,0
DA:242,0
DA:243,0
DA:244,0
DA:245,0
DA:246,0
DA:247,0
DA:248,0
BRDA:243,19,0,0
BRDA:243,19,1,0
BRDA:244,46,0,0
BRDA:244,46,1,0
FN:250,System.String BlabberApp.Services.HelloReply::ToString()
FNDA:0,System.String BlabberApp.Services.HelloReply::ToString()
DA:251,0
DA:252,0
DA:253,0
FN:255,System.Void BlabberApp.Services.HelloReply::WriteTo(Google.Protobuf.CodedOutputStream)
FNDA:0,System.Void BlabberApp.Services.HelloReply::WriteTo(Google.Protobuf.CodedOutputStream)
DA:256,0
DA:257,0
DA:258,0
DA:259,0
DA:260,0
DA:261,0
DA:262,0
DA:263,0
DA:264,0
BRDA:257,17,0,0
BRDA:257,17,1,0
BRDA:261,54,0,0
BRDA:261,54,1,0
FN:266,System.Int32 BlabberApp.Services.HelloReply::CalculateSize()
FNDA:0,System.Int32 BlabberApp.Services.HelloReply::CalculateSize()
DA:267,0
DA:268,0
DA:269,0
DA:270,0
DA:271,0
DA:272,0
DA:273,0
DA:274,0
DA:275,0
DA:276,0
BRDA:269,19,0,0
BRDA:269,19,1,0
BRDA:272,50,0,0
BRDA:272,50,1,0
FN:278,System.Void BlabberApp.Services.HelloReply::MergeFrom(BlabberApp.Services.HelloReply)
FNDA:0,System.Void BlabberApp.Services.HelloReply::MergeFrom(BlabberApp.Services.HelloReply)
DA:279,0
DA:280,0
DA:281,0
DA:283,0
DA:284,0
DA:285,0
DA:286,0
DA:287,0
BRDA:280,7,0,0
BRDA:280,7,1,0
BRDA:283,28,0,0
BRDA:283,28,1,0
FN:289,System.Void BlabberApp.Services.HelloReply::MergeFrom(Google.Protobuf.CodedInputStream)
FNDA:0,System.Void BlabberApp.Services.HelloReply::MergeFrom(Google.Protobuf.CodedInputStream)
DA:290,0
DA:292,0
DA:293,0
DA:295,0
DA:296,0
DA:297,0
DA:298,0
DA:299,0
DA:302,0
DA:303,0
BRDA:292,65,1,0
BRDA:293,11,0,0
BRDA:293,11,1,0
BRDA:292,65,0,0
FN:194,System.Void BlabberApp.Services.HelloReply::.ctor()
FNDA:0,System.Void BlabberApp.Services.HelloReply::.ctor()
DA:195,0
DA:197,0
DA:214,0
FN:201,System.Void BlabberApp.Services.HelloReply::.ctor(BlabberApp.Services.HelloReply)
FNDA:0,System.Void BlabberApp.Services.HelloReply::.ctor(BlabberApp.Services.HelloReply)
DA:202,0
DA:203,0
DA:204,0
DA:205,0
FN:178,System.Void BlabberApp.Services.HelloReply::.cctor()
FNDA:0,System.Void BlabberApp.Services.HelloReply::.cctor()
DA:179,0
LF:170
LH:0
BRF:52
BRH:0
FNF:36
FNH:0
end_of_record
SF:C:\Users\aubre\Desktop\assignment-05-aubsparrow\BlabberApp.Services\obj\Debug\netcoreapp3.1\GreetGrpc.cs
FN:30,Google.Protobuf.Reflection.ServiceDescriptor BlabberApp.Services.Greeter::get_Descriptor()
FNDA:0,Google.Protobuf.Reflection.ServiceDescriptor BlabberApp.Services.Greeter::get_Descriptor()
DA:31,0
FN:53,Grpc.Core.ServerServiceDefinition BlabberApp.Services.Greeter::BindService(BlabberApp.Services.Greeter/GreeterBase)
FNDA:0,Grpc.Core.ServerServiceDefinition BlabberApp.Services.Greeter::BindService(BlabberApp.Services.Greeter/GreeterBase)
DA:54,0
DA:55,0
DA:56,0
DA:57,0
FN:63,System.Void BlabberApp.Services.Greeter::BindService(Grpc.Core.ServiceBinderBase,BlabberApp.Services.Greeter/GreeterBase)
FNDA:0,System.Void BlabberApp.Services.Greeter::BindService(Grpc.Core.ServiceBinderBase,BlabberApp.Services.Greeter/GreeterBase)
DA:64,0
DA:65,0
DA:66,0
BRDA:65,8,0,0
BRDA:65,8,1,0
FN:15,System.Void BlabberApp.Services.Greeter::.cctor()
FNDA:0,System.Void BlabberApp.Services.Greeter::.cctor()
DA:16,0
DA:18,0
DA:19,0
DA:21,0
DA:22,0
DA:23,0
DA:24,0
DA:25,0
DA:26,0
FN:44,System.Threading.Tasks.Task`1<BlabberApp.Services.HelloReply> BlabberApp.Services.Greeter/GreeterBase::SayHello(BlabberApp.Services.HelloRequest,Grpc.Core.ServerCallContext)
FNDA:0,System.Threading.Tasks.Task`1<BlabberApp.Services.HelloReply> BlabberApp.Services.Greeter/GreeterBase::SayHello(BlabberApp.Services.HelloRequest,Grpc.Core.ServerCallContext)
DA:45,0
DA:46,0
LF:19
LH:0
BRF:2
BRH:0
FNF:5
FNH:0
end_of_record